<?xml version="1.0" encoding="UTF-8"?>
<testng-results ignored="0" total="1" passed="1" failed="0" skipped="0">
  <reporter-output>
  </reporter-output>
  <suite started-at="2024-04-12T20:12:56 IST" name="Default suite" finished-at="2024-04-12T20:13:06 IST" duration-ms="10129">
    <groups>
    </groups>
    <test started-at="2024-04-12T20:12:56 IST" name="Default test" finished-at="2024-04-12T20:13:06 IST" duration-ms="10129">
      <class name="apptest.TestApp">
        <test-method signature="Main()[pri:0, instance:apptest.TestApp@7b98f307]" started-at="2024-04-12T20:12:56 IST" name="Main" finished-at="2024-04-12T20:13:06 IST" duration-ms="10062" status="PASS">
          <reporter-output>
          </reporter-output>
        </test-method> <!-- Main -->
      </class> <!-- apptest.TestApp -->
    </test> <!-- Default test -->
  </suite> <!-- Default suite -->
</testng-results>
